<?xml version='1.0' encoding='UTF-8' ?>
<!DOCTYPE XMI SYSTEM "mqsi.dtd" [<!ENTITY P "MRM/dba6391a-db00-0000-0080-80aecc225c3b"><!ENTITY PMRProject "MRM/MRProject/"><!ENTITY PMRTransaction "&P;/MRTransaction/"><!ENTITY PMRMessage "&P;/MRMessage/"><!ENTITY PMRContextTag "&P;/MRContextTag/"><!ENTITY PMRElement "&P;/MRElement/"><!ENTITY PMRCompound "&P;/MRCompound/"><!ENTITY PMRSimple "&P;/MRSimple/"><!ENTITY PMRValidValue "&P;/MRValidValue/"><!ENTITY PMRLength "&P;/MRLength/">]>
<XMI>
 <XMI.header/>
 <XMI.content>
  <MRProject baseMode="false" readOnly="false" xmi.uuid="dba6391a-db00-0000-0080-80aecc225c3b" xmi.label="MQCIH (MQSeries CICS bridge header)" inheritMode="false" repositoryName="MQSeries Headers" longDescription="" shortDescription="" versionTimestamp="1999-10-29T10.10.02Z" creationTimestamp="1999-10-27T16.24.46Z" repositoryOrganization="IBM">
   <MRProject_level value="1"/>
   <MRProject_finalized value="true"/>
   <AttributeGroup xmi.label="Custom Wire Format">
    <Attribute type="string" value="CWF" xmi.label="Custom Wire Format Identifier" valueMandatory="true">
     <XMI.extension xmi.extender="MRM">AttributeMetaData<MetaData>
       <MetaDataItem value="524288" xmi.label="AttrFlags"/>
       <MetaDataItem value="1" xmi.label="MinLength"/>
       <MetaDataItem value="8" xmi.label="MaxLength"/>
       <MetaDataItem value="Custom Wire Format Extension" xmi.label="hAttrPlugin"/>
       <MetaDataItem value="1" xmi.label="AttrKey"/>
       <MetaDataItem value="DG45P9806Q001" xmi.label="DefProject"/>
       <MetaDataItem value="DG45P9806Q001" xmi.label="ModProject"/>
       <MetaDataItem value="1999-10-27T16.24.46Z" xmi.label="CreationDate"/>
       <MetaDataItem value="1999-10-27T16.24.46Z" xmi.label="LastModDate"/>
       <MetaDataItem value="0" xmi.label="Status"/>
      </MetaData>
     </XMI.extension>
    </Attribute>
    <Attribute type="enum" value="850" xmi.label="Code Page" valueMandatory="true">
     <XMI.extension xmi.extender="MRM">AttributeMetaData<MetaData>
       <MetaDataItem value="524288" xmi.label="AttrFlags"/>
       <MetaDataItem value="1" xmi.label="MinLength"/>
       <MetaDataItem value="10" xmi.label="MaxLength"/>
       <MetaDataItem value="Custom Wire Format Extension" xmi.label="hAttrPlugin"/>
       <MetaDataItem value="2" xmi.label="AttrKey"/>
       <MetaDataItem value="DG45P9806Q001" xmi.label="DefProject"/>
       <MetaDataItem value="DG45P9806Q001" xmi.label="ModProject"/>
       <MetaDataItem value="1999-10-27T16.24.46Z" xmi.label="CreationDate"/>
       <MetaDataItem value="1999-10-27T16.24.46Z" xmi.label="LastModDate"/>
       <MetaDataItem value="0" xmi.label="Status"/>
      </MetaData>
     </XMI.extension>
    </Attribute>
    <Attribute type="enum" value="B" xmi.label="Byte Order" valueMandatory="true">
     <XMI.extension xmi.extender="MRM">AttributeMetaData<MetaData>
       <MetaDataItem value="524288" xmi.label="AttrFlags"/>
       <MetaDataItem value="1" xmi.label="MinLength"/>
       <MetaDataItem value="1" xmi.label="MaxLength"/>
       <MetaDataItem value="Custom Wire Format Extension" xmi.label="hAttrPlugin"/>
       <MetaDataItem value="3" xmi.label="AttrKey"/>
       <MetaDataItem value="DG45P9806Q001" xmi.label="DefProject"/>
       <MetaDataItem value="DG45P9806Q001" xmi.label="ModProject"/>
       <MetaDataItem value="1999-10-27T16.24.46Z" xmi.label="CreationDate"/>
       <MetaDataItem value="1999-10-27T16.24.46Z" xmi.label="LastModDate"/>
       <MetaDataItem value="0" xmi.label="Status"/>
      </MetaData>
     </XMI.extension>
    </Attribute>
    <Attribute type="enum" value="S" xmi.label="Float Format" valueMandatory="true">
     <XMI.extension xmi.extender="MRM">AttributeMetaData<MetaData>
       <MetaDataItem value="524288" xmi.label="AttrFlags"/>
       <MetaDataItem value="1" xmi.label="MinLength"/>
       <MetaDataItem value="1" xmi.label="MaxLength"/>
       <MetaDataItem value="Custom Wire Format Extension" xmi.label="hAttrPlugin"/>
       <MetaDataItem value="4" xmi.label="AttrKey"/>
       <MetaDataItem value="DG45P9806Q001" xmi.label="DefProject"/>
       <MetaDataItem value="DG45P9806Q001" xmi.label="ModProject"/>
       <MetaDataItem value="1999-10-27T16.24.46Z" xmi.label="CreationDate"/>
       <MetaDataItem value="1999-10-27T16.24.46Z" xmi.label="LastModDate"/>
       <MetaDataItem value="0" xmi.label="Status"/>
      </MetaData>
     </XMI.extension>
    </Attribute>
    <Attribute type="string" value="SPACE" xmi.label="Byte Alignment Pad" valueMandatory="true">
     <XMI.extension xmi.extender="MRM">AttributeMetaData<MetaData>
       <MetaDataItem value="524288" xmi.label="AttrFlags"/>
       <MetaDataItem value="1" xmi.label="MinLength"/>
       <MetaDataItem value="8" xmi.label="MaxLength"/>
       <MetaDataItem value="Custom Wire Format Extension" xmi.label="hAttrPlugin"/>
       <MetaDataItem value="6" xmi.label="AttrKey"/>
       <MetaDataItem value="DG45P9806Q001" xmi.label="DefProject"/>
       <MetaDataItem value="DG45P9806Q001" xmi.label="ModProject"/>
       <MetaDataItem value="1999-10-27T16.24.46Z" xmi.label="CreationDate"/>
       <MetaDataItem value="1999-10-27T16.24.46Z" xmi.label="LastModDate"/>
       <MetaDataItem value="0" xmi.label="Status"/>
      </MetaData>
     </XMI.extension>
    </Attribute>
   </AttributeGroup>
   <AttributeGroup xmi.label="Run Time">
    <Attribute type="string" value="MQCIH" xmi.label="Parser" valueMandatory="false">
     <XMI.extension xmi.extender="MRM">AttributeMetaData<MetaData>
       <MetaDataItem value="524288" xmi.label="AttrFlags"/>
       <MetaDataItem value="0" xmi.label="MinLength"/>
       <MetaDataItem value="254" xmi.label="MaxLength"/>
       <MetaDataItem value="WebDav Plug-in Extension" xmi.label="hAttrPlugin"/>
       <MetaDataItem value="1" xmi.label="AttrKey"/>
       <MetaDataItem value="DG45P9806Q001" xmi.label="DefProject"/>
       <MetaDataItem value="DG45P9806Q001" xmi.label="ModProject"/>
       <MetaDataItem value="1999-10-27T16.24.46Z" xmi.label="CreationDate"/>
       <MetaDataItem value="1999-10-27T16.24.46Z" xmi.label="LastModDate"/>
       <MetaDataItem value="0" xmi.label="Status"/>
      </MetaData>
     </XMI.extension>
    </Attribute>
   </AttributeGroup>
   <MRProject_freezeTimestamp value="1999-10-29T10.10.02Z"/>
   <MRCategoryCollection collectionPath="&P;"/>
   <MRConstantDefCollection collectionPath="&P;"/>
   <MRContextTagCollection collectionPath="&P;"/>
   <MRElementCollection collectionPath="&P;"/>
   <MRLengthCollection collectionPath="&P;"/>
   <MRMessageCollection collectionPath="&P;"/>
   <MRProject_identifier value="DG45P9806Q001"/>
   <MRTransactionCollection collectionPath="&P;"/>
   <MRTypeCollection collectionPath="&P;"/>
   <MRValidValueCollection collectionPath="&P;"/>
   <MRProjectDepMember status="internal" definedProject="NONE" lastModProject="NONE" versionTimestamp="1999-10-27T16.24.46Z" creationTimestamp="1999-10-27T16.24.46Z">
    <MRProjectDepMember_depFinal value="true"/>
    <MRHistory_descoped value="false"/>
    <MRProjectRef href="&PMRProject;dba6391a-db00-0000-0080-80aecc225c3b" title="DG45P9806Q001"/>
   </MRProjectDepMember>
   <XMI.extension xmi.extender="MRM">MRRegPluginMember<MetaData>
     <MetaDataItem value="C Language Extension" xmi.label="xmi.label"/>
     <MetaDataItem value="1.00" xmi.label="PluginRelease"/>
     <MetaDataItem value="1999-10-27T16.24.46Z" xmi.label="creationTimestamp"/>
     <MetaDataItem value="1999-10-27T16.24.46Z" xmi.label="versionTimestamp"/>
     <MetaDataItem value="1" xmi.label="Active"/>
     <MetaDataItem value="1" xmi.label="LayerFinal"/>
     <MetaDataItem value="1999-10-29T10.10.02Z" xmi.label="FreezeDate"/>
     <MetaDataItem value="internal" xmi.label="status"/>
    </MetaData>
   </XMI.extension>
   <XMI.extension xmi.extender="MRM">MRRegPluginMember<MetaData>
     <MetaDataItem value="COBOL Language Extension" xmi.label="xmi.label"/>
     <MetaDataItem value="1.00" xmi.label="PluginRelease"/>
     <MetaDataItem value="1999-10-27T16.24.46Z" xmi.label="creationTimestamp"/>
     <MetaDataItem value="1999-10-27T16.24.46Z" xmi.label="versionTimestamp"/>
     <MetaDataItem value="1" xmi.label="Active"/>
     <MetaDataItem value="1" xmi.label="LayerFinal"/>
     <MetaDataItem value="1999-10-29T10.10.02Z" xmi.label="FreezeDate"/>
     <MetaDataItem value="internal" xmi.label="status"/>
    </MetaData>
   </XMI.extension>
   <XMI.extension xmi.extender="MRM">MRRegPluginMember<MetaData>
     <MetaDataItem value="Custom Wire Format Extension" xmi.label="xmi.label"/>
     <MetaDataItem value="1.00" xmi.label="PluginRelease"/>
     <MetaDataItem value="1999-10-27T16.24.46Z" xmi.label="creationTimestamp"/>
     <MetaDataItem value="1999-10-27T16.24.46Z" xmi.label="versionTimestamp"/>
     <MetaDataItem value="1" xmi.label="Active"/>
     <MetaDataItem value="1" xmi.label="LayerFinal"/>
     <MetaDataItem value="1999-10-29T10.10.02Z" xmi.label="FreezeDate"/>
     <MetaDataItem value="internal" xmi.label="status"/>
    </MetaData>
   </XMI.extension>
   <XMI.extension xmi.extender="MRM">MRRegPluginMember<MetaData>
     <MetaDataItem value="Documentation" xmi.label="xmi.label"/>
     <MetaDataItem value="1.00" xmi.label="PluginRelease"/>
     <MetaDataItem value="1999-10-27T16.24.46Z" xmi.label="creationTimestamp"/>
     <MetaDataItem value="1999-10-27T16.24.46Z" xmi.label="versionTimestamp"/>
     <MetaDataItem value="1" xmi.label="Active"/>
     <MetaDataItem value="1" xmi.label="LayerFinal"/>
     <MetaDataItem value="1999-10-29T10.10.02Z" xmi.label="FreezeDate"/>
     <MetaDataItem value="internal" xmi.label="status"/>
    </MetaData>
   </XMI.extension>
   <XMI.extension xmi.extender="MRM">MRRegPluginMember<MetaData>
     <MetaDataItem value="WebDav Plug-in Extension" xmi.label="xmi.label"/>
     <MetaDataItem value="1.00" xmi.label="PluginRelease"/>
     <MetaDataItem value="1999-10-27T16.24.46Z" xmi.label="creationTimestamp"/>
     <MetaDataItem value="1999-10-27T16.24.46Z" xmi.label="versionTimestamp"/>
     <MetaDataItem value="1" xmi.label="Active"/>
     <MetaDataItem value="1" xmi.label="LayerFinal"/>
     <MetaDataItem value="1999-10-29T10.10.02Z" xmi.label="FreezeDate"/>
     <MetaDataItem value="internal" xmi.label="status"/>
    </MetaData>
   </XMI.extension>
   <XMI.extension xmi.extender="MRM">MRProjectMetaData<MetaData>
     <MetaDataItem value="100059" xmi.label="NextIDValue"/>
     <MetaDataItem value="DG45P9806Q001" xmi.label="ProjectIdentity"/>
    </MetaData>
   </XMI.extension>
  </MRProject>
  <MRConstantDef status="external" xmi.id="40100" xmi.uuid="MRM-DG45P9806Q001-00009ca4" constInfo="0" xmi.label="Category" constClass="constClass" constValue="100" collectionPath="&P;" definedProject="NONE" lastModProject="NONE" shortDescription="" versionTimestamp="1999-01-01T12.00.00Z" creationTimestamp="1999-01-01T12.00.00Z">
   <MRBase_identifier value="CATEGORY"/>
   <MRHistory_descoped value="false"/>
  </MRConstantDef>
  <MRConstantDef status="external" xmi.id="40202" xmi.uuid="MRM-DG45P9806Q001-00009d0a" constInfo="0" xmi.label="ConstAttrlen" constClass="constClass" constValue="201" collectionPath="&P;" definedProject="NONE" lastModProject="NONE" shortDescription="" versionTimestamp="1999-01-01T12.00.00Z" creationTimestamp="1999-01-01T12.00.00Z">
   <MRBase_identifier value="CONST_ATTRLEN"/>
   <MRHistory_descoped value="false"/>
  </MRConstantDef>
  <MRConstantDef status="external" xmi.id="40200" xmi.uuid="MRM-DG45P9806Q001-00009d08" constInfo="0" xmi.label="ConstClass" constClass="constClass" constValue="200" collectionPath="&P;" definedProject="NONE" lastModProject="NONE" shortDescription="" versionTimestamp="1999-01-01T12.00.00Z" creationTimestamp="1999-01-01T12.00.00Z">
   <MRBase_identifier value="CONST_CLASS"/>
   <MRHistory_descoped value="false"/>
  </MRConstantDef>
  <MRConstantDef status="external" xmi.id="40201" xmi.uuid="MRM-DG45P9806Q001-00009d09" constInfo="0" xmi.label="ConstMessagemode" constClass="constClass" constValue="201" collectionPath="&P;" definedProject="NONE" lastModProject="NONE" shortDescription="" versionTimestamp="1999-01-01T12.00.00Z" creationTimestamp="1999-01-01T12.00.00Z">
   <MRBase_identifier value="CONST_MESSAGEMODE"/>
   <MRHistory_descoped value="false"/>
  </MRConstantDef>
  <MRConstantDef status="external" xmi.id="40105" xmi.uuid="MRM-DG45P9806Q001-00009ca9" constInfo="0" xmi.label="ContextTag" constClass="constClass" constValue="105" collectionPath="&P;" definedProject="NONE" lastModProject="NONE" shortDescription="" versionTimestamp="1999-01-01T12.00.00Z" creationTimestamp="1999-01-01T12.00.00Z">
   <MRBase_identifier value="CONTEXTTAG"/>
   <MRHistory_descoped value="false"/>
  </MRConstantDef>
  <MRConstantDef status="external" xmi.id="40103" xmi.uuid="MRM-DG45P9806Q001-00009ca7" constInfo="0" xmi.label="Element" constClass="constClass" constValue="103" collectionPath="&P;" definedProject="NONE" lastModProject="NONE" shortDescription="" versionTimestamp="1999-01-01T12.00.00Z" creationTimestamp="1999-01-01T12.00.00Z">
   <MRBase_identifier value="ELEMENT"/>
   <MRHistory_descoped value="false"/>
  </MRConstantDef>
  <MRConstantDef status="external" xmi.id="40107" xmi.uuid="MRM-DG45P9806Q001-00009cab" constInfo="0" xmi.label="LengthID" constClass="constClass" constValue="107" collectionPath="&P;" definedProject="NONE" lastModProject="NONE" shortDescription="" versionTimestamp="1999-01-01T12.00.00Z" creationTimestamp="1999-01-01T12.00.00Z">
   <MRBase_identifier value="LENGTHID"/>
   <MRHistory_descoped value="false"/>
  </MRConstantDef>
  <MRConstantDef status="external" xmi.id="40102" xmi.uuid="MRM-DG45P9806Q001-00009ca6" constInfo="0" xmi.label="Message" constClass="constClass" constValue="102" collectionPath="&P;" definedProject="NONE" lastModProject="NONE" shortDescription="" versionTimestamp="1999-01-01T12.00.00Z" creationTimestamp="1999-01-01T12.00.00Z">
   <MRBase_identifier value="MESSAGE"/>
   <MRHistory_descoped value="false"/>
  </MRConstantDef>
  <MRConstantDef status="external" xmi.id="40002" xmi.uuid="MRM-DG45P9806Q001-00009c42" constInfo="0" xmi.label="Plugin" constClass="constClass" constValue="2" collectionPath="&P;" definedProject="NONE" lastModProject="NONE" shortDescription="" versionTimestamp="1999-01-01T12.00.00Z" creationTimestamp="1999-01-01T12.00.00Z">
   <MRBase_identifier value="PLUGIN"/>
   <MRHistory_descoped value="false"/>
  </MRConstantDef>
  <MRConstantDef status="external" xmi.id="40001" xmi.uuid="MRM-DG45P9806Q001-00009c41" constInfo="0" xmi.label="Project" constClass="constClass" constValue="1" collectionPath="&P;" definedProject="NONE" lastModProject="NONE" shortDescription="" versionTimestamp="1999-01-01T12.00.00Z" creationTimestamp="1999-01-01T12.00.00Z">
   <MRBase_identifier value="PROJECT"/>
   <MRHistory_descoped value="false"/>
  </MRConstantDef>
  <MRConstantDef status="external" xmi.id="40101" xmi.uuid="MRM-DG45P9806Q001-00009ca5" constInfo="0" xmi.label="Transaction" constClass="constClass" constValue="101" collectionPath="&P;" definedProject="NONE" lastModProject="NONE" shortDescription="" versionTimestamp="1999-01-01T12.00.00Z" creationTimestamp="1999-01-01T12.00.00Z">
   <MRBase_identifier value="TRANSACTION"/>
   <MRHistory_descoped value="false"/>
  </MRConstantDef>
  <MRConstantDef status="external" xmi.id="40104" xmi.uuid="MRM-DG45P9806Q001-00009ca8" constInfo="0" xmi.label="Type" constClass="constClass" constValue="104" collectionPath="&P;" definedProject="NONE" lastModProject="NONE" shortDescription="" versionTimestamp="1999-01-01T12.00.00Z" creationTimestamp="1999-01-01T12.00.00Z">
   <MRBase_identifier value="TYPE"/>
   <MRHistory_descoped value="false"/>
  </MRConstantDef>
  <MRConstantDef status="external" xmi.id="40003" xmi.uuid="MRM-DG45P9806Q001-00009c43" constInfo="0" xmi.label="User" constClass="constClass" constValue="3" collectionPath="&P;" definedProject="NONE" lastModProject="NONE" shortDescription="" versionTimestamp="1999-01-01T12.00.00Z" creationTimestamp="1999-01-01T12.00.00Z">
   <MRBase_identifier value="USER"/>
   <MRHistory_descoped value="false"/>
  </MRConstantDef>
  <MRConstantDef status="external" xmi.id="40106" xmi.uuid="MRM-DG45P9806Q001-00009caa" constInfo="0" xmi.label="ValidValue" constClass="constClass" constValue="106" collectionPath="&P;" definedProject="NONE" lastModProject="NONE" shortDescription="" versionTimestamp="1999-01-01T12.00.00Z" creationTimestamp="1999-01-01T12.00.00Z">
   <MRBase_identifier value="VALIDVALUE"/>
   <MRHistory_descoped value="false"/>
  </MRConstantDef>
  <MRConstantDef status="external" xmi.id="42001" xmi.uuid="MRM-DG45P9806Q001-0000a411" constInfo="0" xmi.label="Max Category Identifier Length" constClass="constAttrLen" constValue="254" collectionPath="&P;" definedProject="NONE" lastModProject="NONE" shortDescription="" versionTimestamp="1999-01-01T12.00.00Z" creationTimestamp="1999-01-01T12.00.00Z">
   <MRBase_identifier value="MRM_MAX_CATG_IDENT_LEN"/>
   <MRHistory_descoped value="false"/>
  </MRConstantDef>
  <MRConstantDef status="external" xmi.id="42009" xmi.uuid="MRM-DG45P9806Q001-0000a419" constInfo="0" xmi.label="Max ConstDef Identifier Length" constClass="constAttrLen" constValue="254" collectionPath="&P;" definedProject="NONE" lastModProject="NONE" shortDescription="" versionTimestamp="1999-01-01T12.00.00Z" creationTimestamp="1999-01-01T12.00.00Z">
   <MRBase_identifier value="MRM_MAX_CNST_IDENT_LEN"/>
   <MRHistory_descoped value="false"/>
  </MRConstantDef>
  <MRConstantDef status="external" xmi.id="42006" xmi.uuid="MRM-DG45P9806Q001-0000a416" constInfo="0" xmi.label="Max ContextTag Identifier Length" constClass="constAttrLen" constValue="254" collectionPath="&P;" definedProject="NONE" lastModProject="NONE" shortDescription="" versionTimestamp="1999-01-01T12.00.00Z" creationTimestamp="1999-01-01T12.00.00Z">
   <MRBase_identifier value="MRM_MAX_CTAG_IDENT_LEN"/>
   <MRHistory_descoped value="false"/>
  </MRConstantDef>
  <MRConstantDef status="external" xmi.id="42004" xmi.uuid="MRM-DG45P9806Q001-0000a414" constInfo="0" xmi.label="Max Element Identifier Length" constClass="constAttrLen" constValue="254" collectionPath="&P;" definedProject="NONE" lastModProject="NONE" shortDescription="" versionTimestamp="1999-01-01T12.00.00Z" creationTimestamp="1999-01-01T12.00.00Z">
   <MRBase_identifier value="MRM_MAX_ELM_IDENT_LEN"/>
   <MRHistory_descoped value="false"/>
  </MRConstantDef>
  <MRConstantDef status="external" xmi.id="42008" xmi.uuid="MRM-DG45P9806Q001-0000a418" constInfo="0" xmi.label="Max LengthID Identifier Length" constClass="constAttrLen" constValue="254" collectionPath="&P;" definedProject="NONE" lastModProject="NONE" shortDescription="" versionTimestamp="1999-01-01T12.00.00Z" creationTimestamp="1999-01-01T12.00.00Z">
   <MRBase_identifier value="MRM_MAX_LENID_IDENT_LEN"/>
   <MRHistory_descoped value="false"/>
  </MRConstantDef>
  <MRConstantDef status="external" xmi.id="42003" xmi.uuid="MRM-DG45P9806Q001-0000a413" constInfo="0" xmi.label="Max Message Identifier Length" constClass="constAttrLen" constValue="254" collectionPath="&P;" definedProject="NONE" lastModProject="NONE" shortDescription="" versionTimestamp="1999-01-01T12.00.00Z" creationTimestamp="1999-01-01T12.00.00Z">
   <MRBase_identifier value="MRM_MAX_MSG_IDENT_LEN"/>
   <MRHistory_descoped value="false"/>
  </MRConstantDef>
  <MRConstantDef status="external" xmi.id="42002" xmi.uuid="MRM-DG45P9806Q001-0000a412" constInfo="0" xmi.label="Max Transaction Identifier Length" constClass="constAttrLen" constValue="254" collectionPath="&P;" definedProject="NONE" lastModProject="NONE" shortDescription="" versionTimestamp="1999-01-01T12.00.00Z" creationTimestamp="1999-01-01T12.00.00Z">
   <MRBase_identifier value="MRM_MAX_TXN_IDENT_LEN"/>
   <MRHistory_descoped value="false"/>
  </MRConstantDef>
  <MRConstantDef status="external" xmi.id="42005" xmi.uuid="MRM-DG45P9806Q001-0000a415" constInfo="0" xmi.label="Max Type Identifier Length" constClass="constAttrLen" constValue="254" collectionPath="&P;" definedProject="NONE" lastModProject="NONE" shortDescription="" versionTimestamp="1999-01-01T12.00.00Z" creationTimestamp="1999-01-01T12.00.00Z">
   <MRBase_identifier value="MRM_MAX_TYPE_IDENT_LEN"/>
   <MRHistory_descoped value="false"/>
  </MRConstantDef>
  <MRConstantDef status="external" xmi.id="42007" xmi.uuid="MRM-DG45P9806Q001-0000a417" constInfo="0" xmi.label="Max ValidValue Identifier Length" constClass="constAttrLen" constValue="254" collectionPath="&P;" definedProject="NONE" lastModProject="NONE" shortDescription="" versionTimestamp="1999-01-01T12.00.00Z" creationTimestamp="1999-01-01T12.00.00Z">
   <MRBase_identifier value="MRM_MAX_VV_IDENT_LEN"/>
   <MRHistory_descoped value="false"/>
  </MRConstantDef>
  <MRConstantDef status="external" xmi.id="41001" xmi.uuid="MRM-DG45P9806Q001-0000a029" constInfo="0" xmi.label="Request" constClass="constMessageMode" constValue="5001" collectionPath="&P;" definedProject="NONE" lastModProject="NONE" shortDescription="" versionTimestamp="1999-01-01T12.00.00Z" creationTimestamp="1999-01-01T12.00.00Z">
   <MRBase_identifier value="REQUEST"/>
   <MRHistory_descoped value="false"/>
  </MRConstantDef>
  <MRConstantDef status="external" xmi.id="41002" xmi.uuid="MRM-DG45P9806Q001-0000a02a" constInfo="0" xmi.label="Response" constClass="constMessageMode" constValue="5002" collectionPath="&P;" definedProject="NONE" lastModProject="NONE" shortDescription="" versionTimestamp="1999-01-01T12.00.00Z" creationTimestamp="1999-01-01T12.00.00Z">
   <MRBase_identifier value="RESPONSE"/>
   <MRHistory_descoped value="false"/>
  </MRConstantDef>
  <MRLength status="internal" xmi.id="100024" xmi.uuid="MRM-DG45P9806Q001-000186b8" xmi.label="ABENDCODE_LEN" collectionPath="&P;" definedProject="" lastModProject="" longDescription="" shortDescription="" versionTimestamp="1999-10-27T16.28.16Z" creationTimestamp="1999-10-27T16.28.16Z">
   <MRLength_maxLength value="4"/>
   <MRBase_identifier value="ABENDCODE_LEN"/>
   <MRHistory_descoped value="false"/>
  </MRLength>
  <MRLength status="internal" xmi.id="100040" xmi.uuid="MRM-DG45P9806Q001-000186c8" xmi.label="ATTENTIONID_LEN" collectionPath="&P;" definedProject="" lastModProject="" longDescription="" shortDescription="" versionTimestamp="1999-10-27T16.28.16Z" creationTimestamp="1999-10-27T16.28.16Z">
   <MRLength_maxLength value="4"/>
   <MRBase_identifier value="ATTENTIONID_LEN"/>
   <MRHistory_descoped value="false"/>
  </MRLength>
  <MRLength status="internal" xmi.id="100026" xmi.uuid="MRM-DG45P9806Q001-000186ba" xmi.label="AUTHENTICATOR_LEN" collectionPath="&P;" definedProject="" lastModProject="" longDescription="" shortDescription="" versionTimestamp="1999-10-27T16.28.16Z" creationTimestamp="1999-10-27T16.28.16Z">
   <MRLength_maxLength value="8"/>
   <MRBase_identifier value="AUTHENTICATOR_LEN"/>
   <MRHistory_descoped value="false"/>
  </MRLength>
  <MRLength status="internal" xmi.id="100044" xmi.uuid="MRM-DG45P9806Q001-000186cc" xmi.label="CANCELCODE_LEN" collectionPath="&P;" definedProject="" lastModProject="" longDescription="" shortDescription="" versionTimestamp="1999-10-27T16.28.16Z" creationTimestamp="1999-10-27T16.28.16Z">
   <MRLength_maxLength value="4"/>
   <MRBase_identifier value="CANCELCODE_LEN"/>
   <MRHistory_descoped value="false"/>
  </MRLength>
  <MRLength status="internal" xmi.id="100000" xmi.uuid="MRM-DG45P9806Q001-000186a0" xmi.label="DEFAULT_CHAR_LEN" collectionPath="&P;" definedProject="" lastModProject="" longDescription="" shortDescription="" versionTimestamp="1999-10-27T16.28.16Z" creationTimestamp="1999-10-27T16.28.16Z">
   <MRLength_maxLength value="1"/>
   <MRBase_identifier value="DEFAULT_CHAR_LEN"/>
   <MRHistory_descoped value="false"/>
  </MRLength>
  <MRLength status="internal" xmi.id="100038" xmi.uuid="MRM-DG45P9806Q001-000186c6" xmi.label="FACILITYLIKE_LEN" collectionPath="&P;" definedProject="" lastModProject="" longDescription="" shortDescription="" versionTimestamp="1999-10-27T16.28.16Z" creationTimestamp="1999-10-27T16.28.16Z">
   <MRLength_maxLength value="4"/>
   <MRBase_identifier value="FACILITYLIKE_LEN"/>
   <MRHistory_descoped value="false"/>
  </MRLength>
  <MRLength status="internal" xmi.id="100007" xmi.uuid="MRM-DG45P9806Q001-000186a7" xmi.label="FORMAT_LEN" collectionPath="&P;" definedProject="" lastModProject="" longDescription="" shortDescription="" versionTimestamp="1999-10-27T16.28.16Z" creationTimestamp="1999-10-27T16.28.16Z">
   <MRLength_maxLength value="8"/>
   <MRBase_identifier value="FORMAT_LEN"/>
   <MRHistory_descoped value="false"/>
  </MRLength>
  <MRLength status="internal" xmi.id="100022" xmi.uuid="MRM-DG45P9806Q001-000186b6" xmi.label="FUNCTION_LEN" collectionPath="&P;" definedProject="" lastModProject="" longDescription="" shortDescription="" versionTimestamp="1999-10-27T16.28.16Z" creationTimestamp="1999-10-27T16.28.16Z">
   <MRLength_maxLength value="4"/>
   <MRBase_identifier value="FUNCTION_LEN"/>
   <MRHistory_descoped value="false"/>
  </MRLength>
  <MRLength status="internal" xmi.id="100046" xmi.uuid="MRM-DG45P9806Q001-000186ce" xmi.label="NEXTTRANSACTIONID_LEN" collectionPath="&P;" definedProject="" lastModProject="" longDescription="" shortDescription="" versionTimestamp="1999-10-27T16.28.16Z" creationTimestamp="1999-10-27T16.28.16Z">
   <MRLength_maxLength value="4"/>
   <MRBase_identifier value="NEXTTRANSACTIONID_LEN"/>
   <MRHistory_descoped value="false"/>
  </MRLength>
  <MRLength status="internal" xmi.id="100032" xmi.uuid="MRM-DG45P9806Q001-000186c0" xmi.label="REMOTESYSID_LEN" collectionPath="&P;" definedProject="" lastModProject="" longDescription="" shortDescription="" versionTimestamp="1999-10-27T16.28.16Z" creationTimestamp="1999-10-27T16.28.16Z">
   <MRLength_maxLength value="4"/>
   <MRBase_identifier value="REMOTESYSID_LEN"/>
   <MRHistory_descoped value="false"/>
  </MRLength>
  <MRLength status="internal" xmi.id="100034" xmi.uuid="MRM-DG45P9806Q001-000186c2" xmi.label="REMOTETRANSID_LEN" collectionPath="&P;" definedProject="" lastModProject="" longDescription="" shortDescription="" versionTimestamp="1999-10-27T16.28.16Z" creationTimestamp="1999-10-27T16.28.16Z">
   <MRLength_maxLength value="4"/>
   <MRBase_identifier value="REMOTETRANSID_LEN"/>
   <MRHistory_descoped value="false"/>
  </MRLength>
  <MRLength status="internal" xmi.id="100030" xmi.uuid="MRM-DG45P9806Q001-000186be" xmi.label="REPLYTOFORMAT_LEN" collectionPath="&P;" definedProject="" lastModProject="" longDescription="" shortDescription="" versionTimestamp="1999-10-27T16.28.16Z" creationTimestamp="1999-10-27T16.28.16Z">
   <MRLength_maxLength value="8"/>
   <MRBase_identifier value="REPLYTOFORMAT_LEN"/>
   <MRHistory_descoped value="false"/>
  </MRLength>
  <MRLength status="internal" xmi.id="100028" xmi.uuid="MRM-DG45P9806Q001-000186bc" xmi.label="RESERVED1_LEN" collectionPath="&P;" definedProject="" lastModProject="" longDescription="" shortDescription="" versionTimestamp="1999-10-27T16.28.16Z" creationTimestamp="1999-10-27T16.28.16Z">
   <MRLength_maxLength value="8"/>
   <MRBase_identifier value="RESERVED1_LEN"/>
   <MRHistory_descoped value="false"/>
  </MRLength>
  <MRLength status="internal" xmi.id="100048" xmi.uuid="MRM-DG45P9806Q001-000186d0" xmi.label="RESERVED2_LEN" collectionPath="&P;" definedProject="" lastModProject="" longDescription="" shortDescription="" versionTimestamp="1999-10-27T16.28.16Z" creationTimestamp="1999-10-27T16.28.16Z">
   <MRLength_maxLength value="8"/>
   <MRBase_identifier value="RESERVED2_LEN"/>
   <MRHistory_descoped value="false"/>
  </MRLength>
  <MRLength status="internal" xmi.id="100050" xmi.uuid="MRM-DG45P9806Q001-000186d2" xmi.label="RESERVED3_LEN" collectionPath="&P;" definedProject="" lastModProject="" longDescription="" shortDescription="" versionTimestamp="1999-10-27T16.28.16Z" creationTimestamp="1999-10-27T16.28.16Z">
   <MRLength_maxLength value="8"/>
   <MRBase_identifier value="RESERVED3_LEN"/>
   <MRHistory_descoped value="false"/>
  </MRLength>
  <MRLength status="internal" xmi.id="100042" xmi.uuid="MRM-DG45P9806Q001-000186ca" xmi.label="STARTCODE_LEN" collectionPath="&P;" definedProject="" lastModProject="" longDescription="" shortDescription="" versionTimestamp="1999-10-27T16.28.16Z" creationTimestamp="1999-10-27T16.28.16Z">
   <MRLength_maxLength value="4"/>
   <MRBase_identifier value="STARTCODE_LEN"/>
   <MRHistory_descoped value="false"/>
  </MRLength>
  <MRLength status="internal" xmi.id="100001" xmi.uuid="MRM-DG45P9806Q001-000186a1" xmi.label="STRUCID_LEN" collectionPath="&P;" definedProject="" lastModProject="" longDescription="" shortDescription="" versionTimestamp="1999-10-27T16.28.16Z" creationTimestamp="1999-10-27T16.28.16Z">
   <MRLength_maxLength value="4"/>
   <MRBase_identifier value="STRUCID_LEN"/>
   <MRHistory_descoped value="false"/>
  </MRLength>
  <MRLength status="internal" xmi.id="100036" xmi.uuid="MRM-DG45P9806Q001-000186c4" xmi.label="TRANSACTIONID_LEN" collectionPath="&P;" definedProject="" lastModProject="" longDescription="" shortDescription="" versionTimestamp="1999-10-27T16.28.16Z" creationTimestamp="1999-10-27T16.28.16Z">
   <MRLength_maxLength value="4"/>
   <MRBase_identifier value="TRANSACTIONID_LEN"/>
   <MRHistory_descoped value="false"/>
  </MRLength>
  <MRSimple status="external" xmi.id="50109" xmi.uuid="MRM-SIMPLETYPE-0000c3bd" xmi.label="BINARY" isPrimitive="true" collectionPath="&P;" definedProject="NONE" lastModProject="NONE" lengthRequired="false" longDescription="" shortDescription="" versionTimestamp="1996-06-07T00.00.00Z" creationTimestamp="1996-06-07T00.00.00Z" stringAsValidValue="false" integerAsValidValue="false" validValueElementUnique="false">
   <MRSimple_logicalType value="10"/>
   <MRBase_identifier value="BINARY"/>
   <MRHistory_descoped value="false"/>
  </MRSimple>
  <MRSimple status="external" xmi.id="50213" xmi.uuid="MRM-SIMPLETYPE-0000c425" xmi.label="BOOLEAN" isPrimitive="true" collectionPath="&P;" definedProject="NONE" lastModProject="NONE" lengthRequired="false" longDescription="" shortDescription="" versionTimestamp="1998-05-07T00.00.00Z" creationTimestamp="1998-05-07T00.00.00Z" stringAsValidValue="false" integerAsValidValue="false" validValueElementUnique="false">
   <MRSimple_logicalType value="12"/>
   <MRBase_identifier value="BOOLEAN"/>
   <MRHistory_descoped value="false"/>
  </MRSimple>
  <MRSimple status="external" xmi.id="50105" xmi.uuid="MRM-SIMPLETYPE-0000c3b9" xmi.label="STRING" isPrimitive="true" collectionPath="&P;" definedProject="NONE" lastModProject="NONE" lengthRequired="true" longDescription="" shortDescription="" versionTimestamp="1996-06-07T00.00.00Z" creationTimestamp="1996-06-07T00.00.00Z" stringAsValidValue="true" integerAsValidValue="false" validValueElementUnique="false">
   <MRSimple_logicalType value="2"/>
   <MRBase_identifier value="STRING"/>
   <MRHistory_descoped value="false"/>
  </MRSimple>
  <MRSimple status="external" xmi.id="50107" xmi.uuid="MRM-SIMPLETYPE-0000c3bb" xmi.label="FLOAT" isPrimitive="true" collectionPath="&P;" definedProject="NONE" lastModProject="NONE" lengthRequired="false" longDescription="" shortDescription="" versionTimestamp="1996-06-07T00.00.00Z" creationTimestamp="1996-06-07T00.00.00Z" stringAsValidValue="true" integerAsValidValue="false" validValueElementUnique="false">
   <MRSimple_logicalType value="6"/>
   <MRBase_identifier value="FLOAT"/>
   <MRHistory_descoped value="false"/>
  </MRSimple>
  <MRSimple status="external" xmi.id="50106" xmi.uuid="MRM-SIMPLETYPE-0000c3ba" xmi.label="INTEGER" isPrimitive="true" collectionPath="&P;" definedProject="NONE" lastModProject="NONE" lengthRequired="false" longDescription="" shortDescription="" versionTimestamp="1996-06-07T00.00.00Z" creationTimestamp="1996-06-07T00.00.00Z" stringAsValidValue="false" integerAsValidValue="true" validValueElementUnique="false">
   <MRSimple_logicalType value="4"/>
   <MRBase_identifier value="INTEGER"/>
   <MRHistory_descoped value="false"/>
  </MRSimple>
  <MRCompound status="internal" xmi.id="100056" xmi.uuid="MRM-DG45P9806Q001-000186d8" xmi.label="MQCIH_TYPE" isPrimitive="false" collectionPath="&P;" definedProject="" lastModProject="" lengthRequired="false" longDescription="" shortDescription="" versionTimestamp="1999-10-27T16.28.16Z" creationTimestamp="1999-10-27T16.28.16Z" stringAsValidValue="false" integerAsValidValue="false" validValueElementUnique="false">
   <MRBase_identifier value="MQCIH_TYPE"/>
   <MRHistory_descoped value="false"/>
   <MRTypeMember status="internal" contextTagHint="StrucIdCxTg" definedProject="" lastModProject="" longDescription="" shortDescription="" versionTimestamp="1999-10-27T16.28.16Z" creationTimestamp="1999-10-27T16.28.16Z">
    <MRTypeMember_mandatoryInd value="true"/>
    <MRTypeMember_repeatInd value="false"/>
    <MRHistory_descoped value="false"/>
    <MRElementRef href="&PMRElement;MRM-DG45P9806Q001-000186a2" title="StrucId"/>
   </MRTypeMember>
   <MRTypeMember status="internal" contextTagHint="VersionCxTg" definedProject="" lastModProject="" longDescription="" shortDescription="" versionTimestamp="1999-10-27T16.28.16Z" creationTimestamp="1999-10-27T16.28.16Z">
    <MRTypeMember_mandatoryInd value="true"/>
    <MRTypeMember_repeatInd value="false"/>
    <MRHistory_descoped value="false"/>
    <MRElementRef href="&PMRElement;MRM-DG45P9806Q001-000186a3" title="Version"/>
   </MRTypeMember>
   <MRTypeMember status="internal" contextTagHint="StrucLengthCxTg" definedProject="" lastModProject="" longDescription="" shortDescription="" versionTimestamp="1999-10-27T16.28.16Z" creationTimestamp="1999-10-27T16.28.16Z">
    <MRTypeMember_mandatoryInd value="true"/>
    <MRTypeMember_repeatInd value="false"/>
    <MRHistory_descoped value="false"/>
    <MRElementRef href="&PMRElement;MRM-DG45P9806Q001-000186a4" title="StrucLength"/>
   </MRTypeMember>
   <MRTypeMember status="internal" contextTagHint="EncodingCxTg" definedProject="" lastModProject="" longDescription="" shortDescription="" versionTimestamp="1999-10-27T16.28.16Z" creationTimestamp="1999-10-27T16.28.16Z">
    <MRTypeMember_mandatoryInd value="true"/>
    <MRTypeMember_repeatInd value="false"/>
    <MRHistory_descoped value="false"/>
    <MRElementRef href="&PMRElement;MRM-DG45P9806Q001-000186a5" title="Encoding"/>
   </MRTypeMember>
   <MRTypeMember status="internal" contextTagHint="CodedCharSetIdCxTg" definedProject="" lastModProject="" longDescription="" shortDescription="" versionTimestamp="1999-10-27T16.28.16Z" creationTimestamp="1999-10-27T16.28.16Z">
    <MRTypeMember_mandatoryInd value="true"/>
    <MRTypeMember_repeatInd value="false"/>
    <MRHistory_descoped value="false"/>
    <MRElementRef href="&PMRElement;MRM-DG45P9806Q001-000186a6" title="CodedCharSetId"/>
   </MRTypeMember>
   <MRTypeMember status="internal" contextTagHint="FormatCxTg" definedProject="" lastModProject="" longDescription="" shortDescription="" versionTimestamp="1999-10-27T16.28.16Z" creationTimestamp="1999-10-27T16.28.16Z">
    <MRTypeMember_mandatoryInd value="true"/>
    <MRTypeMember_repeatInd value="false"/>
    <MRHistory_descoped value="false"/>
    <MRElementRef href="&PMRElement;MRM-DG45P9806Q001-000186a8" title="Format"/>
   </MRTypeMember>
   <MRTypeMember status="internal" contextTagHint="FlagsCxTg" definedProject="" lastModProject="" longDescription="" shortDescription="" versionTimestamp="1999-10-27T16.28.16Z" creationTimestamp="1999-10-27T16.28.16Z">
    <MRTypeMember_mandatoryInd value="true"/>
    <MRTypeMember_repeatInd value="false"/>
    <MRHistory_descoped value="false"/>
    <MRElementRef href="&PMRElement;MRM-DG45P9806Q001-000186a9" title="Flags"/>
   </MRTypeMember>
   <MRTypeMember status="internal" contextTagHint="ReturnCodeCxTg" definedProject="" lastModProject="" longDescription="" shortDescription="" versionTimestamp="1999-10-27T16.28.16Z" creationTimestamp="1999-10-27T16.28.16Z">
    <MRTypeMember_mandatoryInd value="true"/>
    <MRTypeMember_repeatInd value="false"/>
    <MRHistory_descoped value="false"/>
    <MRElementRef href="&PMRElement;MRM-DG45P9806Q001-000186aa" title="ReturnCode"/>
   </MRTypeMember>
   <MRTypeMember status="internal" contextTagHint="CompCodeCxTg" definedProject="" lastModProject="" longDescription="" shortDescription="" versionTimestamp="1999-10-27T16.28.16Z" creationTimestamp="1999-10-27T16.28.16Z">
    <MRTypeMember_mandatoryInd value="true"/>
    <MRTypeMember_repeatInd value="false"/>
    <MRHistory_descoped value="false"/>
    <MRElementRef href="&PMRElement;MRM-DG45P9806Q001-000186ab" title="CompCode"/>
   </MRTypeMember>
   <MRTypeMember status="internal" contextTagHint="ReasonCxTg" definedProject="" lastModProject="" longDescription="" shortDescription="" versionTimestamp="1999-10-27T16.28.16Z" creationTimestamp="1999-10-27T16.28.16Z">
    <MRTypeMember_mandatoryInd value="true"/>
    <MRTypeMember_repeatInd value="false"/>
    <MRHistory_descoped value="false"/>
    <MRElementRef href="&PMRElement;MRM-DG45P9806Q001-000186ac" title="Reason"/>
   </MRTypeMember>
   <MRTypeMember status="internal" contextTagHint="UOWControlCxTg" definedProject="" lastModProject="" longDescription="" shortDescription="" versionTimestamp="1999-10-27T16.28.16Z" creationTimestamp="1999-10-27T16.28.16Z">
    <MRTypeMember_mandatoryInd value="true"/>
    <MRTypeMember_repeatInd value="false"/>
    <MRHistory_descoped value="false"/>
    <MRElementRef href="&PMRElement;MRM-DG45P9806Q001-000186ad" title="UOWControl"/>
   </MRTypeMember>
   <MRTypeMember status="internal" contextTagHint="GetWaitIntervalCxTg" definedProject="" lastModProject="" longDescription="" shortDescription="" versionTimestamp="1999-10-27T16.28.16Z" creationTimestamp="1999-10-27T16.28.16Z">
    <MRTypeMember_mandatoryInd value="true"/>
    <MRTypeMember_repeatInd value="false"/>
    <MRHistory_descoped value="false"/>
    <MRElementRef href="&PMRElement;MRM-DG45P9806Q001-000186ae" title="GetWaitInterval"/>
   </MRTypeMember>
   <MRTypeMember status="internal" contextTagHint="LinkTypeCxTg" definedProject="" lastModProject="" longDescription="" shortDescription="" versionTimestamp="1999-10-27T16.28.16Z" creationTimestamp="1999-10-27T16.28.16Z">
    <MRTypeMember_mandatoryInd value="true"/>
    <MRTypeMember_repeatInd value="false"/>
    <MRHistory_descoped value="false"/>
    <MRElementRef href="&PMRElement;MRM-DG45P9806Q001-000186af" title="LinkType"/>
   </MRTypeMember>
   <MRTypeMember status="internal" contextTagHint="OutputDataLengthCxTg" definedProject="" lastModProject="" longDescription="" shortDescription="" versionTimestamp="1999-10-27T16.28.16Z" creationTimestamp="1999-10-27T16.28.16Z">
    <MRTypeMember_mandatoryInd value="true"/>
    <MRTypeMember_repeatInd value="false"/>
    <MRHistory_descoped value="false"/>
    <MRElementRef href="&PMRElement;MRM-DG45P9806Q001-000186b0" title="OutputDataLength"/>
   </MRTypeMember>
   <MRTypeMember status="internal" contextTagHint="FacilityKeepTimeCxTg" definedProject="" lastModProject="" longDescription="" shortDescription="" versionTimestamp="1999-10-27T16.28.16Z" creationTimestamp="1999-10-27T16.28.16Z">
    <MRTypeMember_mandatoryInd value="true"/>
    <MRTypeMember_repeatInd value="false"/>
    <MRHistory_descoped value="false"/>
    <MRElementRef href="&PMRElement;MRM-DG45P9806Q001-000186b1" title="FacilityKeepTime"/>
   </MRTypeMember>
   <MRTypeMember status="internal" contextTagHint="ADSDescriptorCxTg" definedProject="" lastModProject="" longDescription="" shortDescription="" versionTimestamp="1999-10-27T16.28.16Z" creationTimestamp="1999-10-27T16.28.16Z">
    <MRTypeMember_mandatoryInd value="true"/>
    <MRTypeMember_repeatInd value="false"/>
    <MRHistory_descoped value="false"/>
    <MRElementRef href="&PMRElement;MRM-DG45P9806Q001-000186b2" title="ADSDescriptor"/>
   </MRTypeMember>
   <MRTypeMember status="internal" contextTagHint="ConversationalTaskCxTg" definedProject="" lastModProject="" longDescription="" shortDescription="" versionTimestamp="1999-10-27T16.28.16Z" creationTimestamp="1999-10-27T16.28.16Z">
    <MRTypeMember_mandatoryInd value="true"/>
    <MRTypeMember_repeatInd value="false"/>
    <MRHistory_descoped value="false"/>
    <MRElementRef href="&PMRElement;MRM-DG45P9806Q001-000186b3" title="ConversationalTask"/>
   </MRTypeMember>
   <MRTypeMember status="internal" contextTagHint="TaskEndStatusCxTg" definedProject="" lastModProject="" longDescription="" shortDescription="" versionTimestamp="1999-10-27T16.28.16Z" creationTimestamp="1999-10-27T16.28.16Z">
    <MRTypeMember_mandatoryInd value="true"/>
    <MRTypeMember_repeatInd value="false"/>
    <MRHistory_descoped value="false"/>
    <MRElementRef href="&PMRElement;MRM-DG45P9806Q001-000186b4" title="TaskEndStatus"/>
   </MRTypeMember>
   <MRTypeMember status="internal" contextTagHint="FacilityCxTg" definedProject="" lastModProject="" longDescription="" shortDescription="" versionTimestamp="1999-10-27T16.28.16Z" creationTimestamp="1999-10-27T16.28.16Z">
    <MRTypeMember_mandatoryInd value="true"/>
    <MRTypeMember_repeatInd value="false"/>
    <AttributeGroup xmi.label="Custom Wire Format">
     <Attribute type="integer" value="8" xmi.label="Length" valueMandatory="false">
      <XMI.extension xmi.extender="MRM">AttributeMetaData<MetaData>
        <MetaDataItem value="1074266112" xmi.label="AttrFlags"/>
        <MetaDataItem value="0" xmi.label="MinLength"/>
        <MetaDataItem value="10" xmi.label="MaxLength"/>
        <MetaDataItem value="Custom Wire Format Extension" xmi.label="hAttrPlugin"/>
        <MetaDataItem value="2" xmi.label="AttrKey"/>
        <MetaDataItem value="DG45P9806Q001" xmi.label="DefProject"/>
        <MetaDataItem value="DG45P9806Q001" xmi.label="ModProject"/>
        <MetaDataItem value="1999-10-27T16.28.16Z" xmi.label="CreationDate"/>
        <MetaDataItem value="1999-10-27T16.28.16Z" xmi.label="LastModDate"/>
        <MetaDataItem value="0" xmi.label="Status"/>
       </MetaData>
      </XMI.extension>
     </Attribute>
    </AttributeGroup>
    <MRHistory_descoped value="false"/>
    <MRElementRef href="&PMRElement;MRM-DG45P9806Q001-000186b5" title="Facility"/>
   </MRTypeMember>
   <MRTypeMember status="internal" contextTagHint="FunctionCxTg" definedProject="" lastModProject="" longDescription="" shortDescription="" versionTimestamp="1999-10-27T16.28.16Z" creationTimestamp="1999-10-27T16.28.16Z">
    <MRTypeMember_mandatoryInd value="true"/>
    <MRTypeMember_repeatInd value="false"/>
    <MRHistory_descoped value="false"/>
    <MRElementRef href="&PMRElement;MRM-DG45P9806Q001-000186b7" title="Function"/>
   </MRTypeMember>
   <MRTypeMember status="internal" contextTagHint="AbendCodeCxTg" definedProject="" lastModProject="" longDescription="" shortDescription="" versionTimestamp="1999-10-27T16.28.16Z" creationTimestamp="1999-10-27T16.28.16Z">
    <MRTypeMember_mandatoryInd value="true"/>
    <MRTypeMember_repeatInd value="false"/>
    <MRHistory_descoped value="false"/>
    <MRElementRef href="&PMRElement;MRM-DG45P9806Q001-000186b9" title="AbendCode"/>
   </MRTypeMember>
   <MRTypeMember status="internal" contextTagHint="AuthenticatorCxTg" definedProject="" lastModProject="" longDescription="" shortDescription="" versionTimestamp="1999-10-27T16.28.16Z" creationTimestamp="1999-10-27T16.28.16Z">
    <MRTypeMember_mandatoryInd value="true"/>
    <MRTypeMember_repeatInd value="false"/>
    <MRHistory_descoped value="false"/>
    <MRElementRef href="&PMRElement;MRM-DG45P9806Q001-000186bb" title="Authenticator"/>
   </MRTypeMember>
   <MRTypeMember status="internal" contextTagHint="Reserved1CxTg" definedProject="" lastModProject="" longDescription="" shortDescription="" versionTimestamp="1999-10-27T16.28.16Z" creationTimestamp="1999-10-27T16.28.16Z">
    <MRTypeMember_mandatoryInd value="true"/>
    <MRTypeMember_repeatInd value="false"/>
    <MRHistory_descoped value="false"/>
    <MRElementRef href="&PMRElement;MRM-DG45P9806Q001-000186bd" title="Reserved1"/>
   </MRTypeMember>
   <MRTypeMember status="internal" contextTagHint="ReplyToFormatCxTg" definedProject="" lastModProject="" longDescription="" shortDescription="" versionTimestamp="1999-10-27T16.28.16Z" creationTimestamp="1999-10-27T16.28.16Z">
    <MRTypeMember_mandatoryInd value="true"/>
    <MRTypeMember_repeatInd value="false"/>
    <MRHistory_descoped value="false"/>
    <MRElementRef href="&PMRElement;MRM-DG45P9806Q001-000186bf" title="ReplyToFormat"/>
   </MRTypeMember>
   <MRTypeMember status="internal" contextTagHint="RemoteSysIdCxTg" definedProject="" lastModProject="" longDescription="" shortDescription="" versionTimestamp="1999-10-27T16.28.16Z" creationTimestamp="1999-10-27T16.28.16Z">
    <MRTypeMember_mandatoryInd value="true"/>
    <MRTypeMember_repeatInd value="false"/>
    <MRHistory_descoped value="false"/>
    <MRElementRef href="&PMRElement;MRM-DG45P9806Q001-000186c1" title="RemoteSysId"/>
   </MRTypeMember>
   <MRTypeMember status="internal" contextTagHint="RemoteTransIdCxTg" definedProject="" lastModProject="" longDescription="" shortDescription="" versionTimestamp="1999-10-27T16.28.16Z" creationTimestamp="1999-10-27T16.28.16Z">
    <MRTypeMember_mandatoryInd value="true"/>
    <MRTypeMember_repeatInd value="false"/>
    <MRHistory_descoped value="false"/>
    <MRElementRef href="&PMRElement;MRM-DG45P9806Q001-000186c3" title="RemoteTransId"/>
   </MRTypeMember>
   <MRTypeMember status="internal" contextTagHint="TransactionIdCxTg" definedProject="" lastModProject="" longDescription="" shortDescription="" versionTimestamp="1999-10-27T16.28.16Z" creationTimestamp="1999-10-27T16.28.16Z">
    <MRTypeMember_mandatoryInd value="true"/>
    <MRTypeMember_repeatInd value="false"/>
    <MRHistory_descoped value="false"/>
    <MRElementRef href="&PMRElement;MRM-DG45P9806Q001-000186c5" title="TransactionId"/>
   </MRTypeMember>
   <MRTypeMember status="internal" contextTagHint="FacilityLikeCxTg" definedProject="" lastModProject="" longDescription="" shortDescription="" versionTimestamp="1999-10-27T16.28.16Z" creationTimestamp="1999-10-27T16.28.16Z">
    <MRTypeMember_mandatoryInd value="true"/>
    <MRTypeMember_repeatInd value="false"/>
    <MRHistory_descoped value="false"/>
    <MRElementRef href="&PMRElement;MRM-DG45P9806Q001-000186c7" title="FacilityLike"/>
   </MRTypeMember>
   <MRTypeMember status="internal" contextTagHint="AttentionIdCxTg" definedProject="" lastModProject="" longDescription="" shortDescription="" versionTimestamp="1999-10-27T16.28.16Z" creationTimestamp="1999-10-27T16.28.16Z">
    <MRTypeMember_mandatoryInd value="true"/>
    <MRTypeMember_repeatInd value="false"/>
    <MRHistory_descoped value="false"/>
    <MRElementRef href="&PMRElement;MRM-DG45P9806Q001-000186c9" title="AttentionId"/>
   </MRTypeMember>
   <MRTypeMember status="internal" contextTagHint="StartCodeCxTg" definedProject="" lastModProject="" longDescription="" shortDescription="" versionTimestamp="1999-10-27T16.28.16Z" creationTimestamp="1999-10-27T16.28.16Z">
    <MRTypeMember_mandatoryInd value="true"/>
    <MRTypeMember_repeatInd value="false"/>
    <MRHistory_descoped value="false"/>
    <MRElementRef href="&PMRElement;MRM-DG45P9806Q001-000186cb" title="StartCode"/>
   </MRTypeMember>
   <MRTypeMember status="internal" contextTagHint="CancelCodeCxTg" definedProject="" lastModProject="" longDescription="" shortDescription="" versionTimestamp="1999-10-27T16.28.16Z" creationTimestamp="1999-10-27T16.28.16Z">
    <MRTypeMember_mandatoryInd value="true"/>
    <MRTypeMember_repeatInd value="false"/>
    <MRHistory_descoped value="false"/>
    <MRElementRef href="&PMRElement;MRM-DG45P9806Q001-000186cd" title="CancelCode"/>
   </MRTypeMember>
   <MRTypeMember status="internal" contextTagHint="NextTransactionIdCxTg" definedProject="" lastModProject="" longDescription="" shortDescription="" versionTimestamp="1999-10-27T16.28.16Z" creationTimestamp="1999-10-27T16.28.16Z">
    <MRTypeMember_mandatoryInd value="true"/>
    <MRTypeMember_repeatInd value="false"/>
    <MRHistory_descoped value="false"/>
    <MRElementRef href="&PMRElement;MRM-DG45P9806Q001-000186cf" title="NextTransactionId"/>
   </MRTypeMember>
   <MRTypeMember status="internal" contextTagHint="Reserved2CxTg" definedProject="" lastModProject="" longDescription="" shortDescription="" versionTimestamp="1999-10-27T16.28.16Z" creationTimestamp="1999-10-27T16.28.16Z">
    <MRTypeMember_mandatoryInd value="true"/>
    <MRTypeMember_repeatInd value="false"/>
    <MRHistory_descoped value="false"/>
    <MRElementRef href="&PMRElement;MRM-DG45P9806Q001-000186d1" title="Reserved2"/>
   </MRTypeMember>
   <MRTypeMember status="internal" contextTagHint="Reserved3CxTg" definedProject="" lastModProject="" longDescription="" shortDescription="" versionTimestamp="1999-10-27T16.28.16Z" creationTimestamp="1999-10-27T16.28.16Z">
    <MRTypeMember_mandatoryInd value="true"/>
    <MRTypeMember_repeatInd value="false"/>
    <MRHistory_descoped value="false"/>
    <MRElementRef href="&PMRElement;MRM-DG45P9806Q001-000186d3" title="Reserved3"/>
   </MRTypeMember>
   <MRTypeMember status="internal" contextTagHint="CursorPositionCxTg" definedProject="" lastModProject="" longDescription="" shortDescription="" versionTimestamp="1999-10-27T16.28.16Z" creationTimestamp="1999-10-27T16.28.16Z">
    <MRTypeMember_mandatoryInd value="true"/>
    <MRTypeMember_repeatInd value="false"/>
    <MRHistory_descoped value="false"/>
    <MRElementRef href="&PMRElement;MRM-DG45P9806Q001-000186d4" title="CursorPosition"/>
   </MRTypeMember>
   <MRTypeMember status="internal" contextTagHint="ErrorOffsetCxTg" definedProject="" lastModProject="" longDescription="" shortDescription="" versionTimestamp="1999-10-27T16.28.16Z" creationTimestamp="1999-10-27T16.28.16Z">
    <MRTypeMember_mandatoryInd value="true"/>
    <MRTypeMember_repeatInd value="false"/>
    <MRHistory_descoped value="false"/>
    <MRElementRef href="&PMRElement;MRM-DG45P9806Q001-000186d5" title="ErrorOffset"/>
   </MRTypeMember>
   <MRTypeMember status="internal" contextTagHint="InputItemCxTg" definedProject="" lastModProject="" longDescription="" shortDescription="" versionTimestamp="1999-10-27T16.28.16Z" creationTimestamp="1999-10-27T16.28.16Z">
    <MRTypeMember_mandatoryInd value="true"/>
    <MRTypeMember_repeatInd value="false"/>
    <MRHistory_descoped value="false"/>
    <MRElementRef href="&PMRElement;MRM-DG45P9806Q001-000186d6" title="InputItem"/>
   </MRTypeMember>
   <MRTypeMember status="internal" contextTagHint="Reserved4CxTg" definedProject="" lastModProject="" longDescription="" shortDescription="" versionTimestamp="1999-10-27T16.28.16Z" creationTimestamp="1999-10-27T16.28.16Z">
    <MRTypeMember_mandatoryInd value="true"/>
    <MRTypeMember_repeatInd value="false"/>
    <MRHistory_descoped value="false"/>
    <MRElementRef href="&PMRElement;MRM-DG45P9806Q001-000186d7" title="Reserved4"/>
   </MRTypeMember>
  </MRCompound>
  <MRElement status="internal" xmi.id="100025" xmi.uuid="MRM-DG45P9806Q001-000186b9" xmi.label="AbendCode" collectionPath="&P;" definedProject="" lastModProject="" longDescription="" shortDescription="" versionTimestamp="1999-10-27T16.28.16Z" creationTimestamp="1999-10-27T16.28.16Z" contextTagHintDefault="">
   <MRBase_identifier value="AbendCode"/>
   <MRHistory_descoped value="false"/>
   <MRLengthRef href="&PMRLength;MRM-DG45P9806Q001-000186b8" title="ABENDCODE_LEN"/>
   <MRSimpleRef href="&PMRSimple;MRM-SIMPLETYPE-0000c3b9" title="STRING"/>
  </MRElement>
  <MRElement status="internal" xmi.id="100018" xmi.uuid="MRM-DG45P9806Q001-000186b2" xmi.label="ADSDescriptor" collectionPath="&P;" definedProject="" lastModProject="" longDescription="" shortDescription="" versionTimestamp="1999-10-27T16.28.16Z" creationTimestamp="1999-10-27T16.28.16Z" contextTagHintDefault="">
   <MRBase_identifier value="ADSDescriptor"/>
   <MRHistory_descoped value="false"/>
   <MRSimpleRef href="&PMRSimple;MRM-SIMPLETYPE-0000c3ba" title="INTEGER"/>
  </MRElement>
  <MRElement status="internal" xmi.id="100041" xmi.uuid="MRM-DG45P9806Q001-000186c9" xmi.label="AttentionId" collectionPath="&P;" definedProject="" lastModProject="" longDescription="" shortDescription="" versionTimestamp="1999-10-27T16.28.16Z" creationTimestamp="1999-10-27T16.28.16Z" contextTagHintDefault="">
   <MRBase_identifier value="AttentionId"/>
   <MRHistory_descoped value="false"/>
   <MRLengthRef href="&PMRLength;MRM-DG45P9806Q001-000186c8" title="ATTENTIONID_LEN"/>
   <MRSimpleRef href="&PMRSimple;MRM-SIMPLETYPE-0000c3b9" title="STRING"/>
  </MRElement>
  <MRElement status="internal" xmi.id="100027" xmi.uuid="MRM-DG45P9806Q001-000186bb" xmi.label="Authenticator" collectionPath="&P;" definedProject="" lastModProject="" longDescription="" shortDescription="" versionTimestamp="1999-10-27T16.28.16Z" creationTimestamp="1999-10-27T16.28.16Z" contextTagHintDefault="">
   <MRBase_identifier value="Authenticator"/>
   <MRHistory_descoped value="false"/>
   <MRLengthRef href="&PMRLength;MRM-DG45P9806Q001-000186ba" title="AUTHENTICATOR_LEN"/>
   <MRSimpleRef href="&PMRSimple;MRM-SIMPLETYPE-0000c3b9" title="STRING"/>
  </MRElement>
  <MRElement status="internal" xmi.id="100045" xmi.uuid="MRM-DG45P9806Q001-000186cd" xmi.label="CancelCode" collectionPath="&P;" definedProject="" lastModProject="" longDescription="" shortDescription="" versionTimestamp="1999-10-27T16.28.16Z" creationTimestamp="1999-10-27T16.28.16Z" contextTagHintDefault="">
   <MRBase_identifier value="CancelCode"/>
   <MRHistory_descoped value="false"/>
   <MRLengthRef href="&PMRLength;MRM-DG45P9806Q001-000186cc" title="CANCELCODE_LEN"/>
   <MRSimpleRef href="&PMRSimple;MRM-SIMPLETYPE-0000c3b9" title="STRING"/>
  </MRElement>
  <MRElement status="internal" xmi.id="100006" xmi.uuid="MRM-DG45P9806Q001-000186a6" xmi.label="CodedCharSetId" collectionPath="&P;" definedProject="" lastModProject="" longDescription="" shortDescription="" versionTimestamp="1999-10-27T16.28.16Z" creationTimestamp="1999-10-27T16.28.16Z" contextTagHintDefault="">
   <MRBase_identifier value="CodedCharSetId"/>
   <MRHistory_descoped value="false"/>
   <MRSimpleRef href="&PMRSimple;MRM-SIMPLETYPE-0000c3ba" title="INTEGER"/>
  </MRElement>
  <MRElement status="internal" xmi.id="100011" xmi.uuid="MRM-DG45P9806Q001-000186ab" xmi.label="CompCode" collectionPath="&P;" definedProject="" lastModProject="" longDescription="" shortDescription="" versionTimestamp="1999-10-27T16.28.16Z" creationTimestamp="1999-10-27T16.28.16Z" contextTagHintDefault="">
   <MRBase_identifier value="CompCode"/>
   <MRHistory_descoped value="false"/>
   <MRSimpleRef href="&PMRSimple;MRM-SIMPLETYPE-0000c3ba" title="INTEGER"/>
  </MRElement>
  <MRElement status="internal" xmi.id="100019" xmi.uuid="MRM-DG45P9806Q001-000186b3" xmi.label="ConversationalTask" collectionPath="&P;" definedProject="" lastModProject="" longDescription="" shortDescription="" versionTimestamp="1999-10-27T16.28.16Z" creationTimestamp="1999-10-27T16.28.16Z" contextTagHintDefault="">
   <MRBase_identifier value="ConversationalTask"/>
   <MRHistory_descoped value="false"/>
   <MRSimpleRef href="&PMRSimple;MRM-SIMPLETYPE-0000c3ba" title="INTEGER"/>
  </MRElement>
  <MRElement status="internal" xmi.id="100052" xmi.uuid="MRM-DG45P9806Q001-000186d4" xmi.label="CursorPosition" collectionPath="&P;" definedProject="" lastModProject="" longDescription="" shortDescription="" versionTimestamp="1999-10-27T16.28.16Z" creationTimestamp="1999-10-27T16.28.16Z" contextTagHintDefault="">
   <MRBase_identifier value="CursorPosition"/>
   <MRHistory_descoped value="false"/>
   <MRSimpleRef href="&PMRSimple;MRM-SIMPLETYPE-0000c3ba" title="INTEGER"/>
  </MRElement>
  <MRElement status="internal" xmi.id="100005" xmi.uuid="MRM-DG45P9806Q001-000186a5" xmi.label="Encoding" collectionPath="&P;" definedProject="" lastModProject="" longDescription="" shortDescription="" versionTimestamp="1999-10-27T16.28.16Z" creationTimestamp="1999-10-27T16.28.16Z" contextTagHintDefault="">
   <MRBase_identifier value="Encoding"/>
   <MRHistory_descoped value="false"/>
   <MRSimpleRef href="&PMRSimple;MRM-SIMPLETYPE-0000c3ba" title="INTEGER"/>
  </MRElement>
  <MRElement status="internal" xmi.id="100053" xmi.uuid="MRM-DG45P9806Q001-000186d5" xmi.label="ErrorOffset" collectionPath="&P;" definedProject="" lastModProject="" longDescription="" shortDescription="" versionTimestamp="1999-10-27T16.28.16Z" creationTimestamp="1999-10-27T16.28.16Z" contextTagHintDefault="">
   <MRBase_identifier value="ErrorOffset"/>
   <MRHistory_descoped value="false"/>
   <MRSimpleRef href="&PMRSimple;MRM-SIMPLETYPE-0000c3ba" title="INTEGER"/>
  </MRElement>
  <MRElement status="internal" xmi.id="100021" xmi.uuid="MRM-DG45P9806Q001-000186b5" xmi.label="Facility" collectionPath="&P;" definedProject="" lastModProject="" longDescription="" shortDescription="" versionTimestamp="1999-10-27T16.28.16Z" creationTimestamp="1999-10-27T16.28.16Z" contextTagHintDefault="">
   <MRBase_identifier value="Facility"/>
   <MRHistory_descoped value="false"/>
   <MRSimpleRef href="&PMRSimple;MRM-SIMPLETYPE-0000c3bd" title="BINARY"/>
  </MRElement>
  <MRElement status="internal" xmi.id="100017" xmi.uuid="MRM-DG45P9806Q001-000186b1" xmi.label="FacilityKeepTime" collectionPath="&P;" definedProject="" lastModProject="" longDescription="" shortDescription="" versionTimestamp="1999-10-27T16.28.16Z" creationTimestamp="1999-10-27T16.28.16Z" contextTagHintDefault="">
   <MRBase_identifier value="FacilityKeepTime"/>
   <MRHistory_descoped value="false"/>
   <MRSimpleRef href="&PMRSimple;MRM-SIMPLETYPE-0000c3ba" title="INTEGER"/>
  </MRElement>
  <MRElement status="internal" xmi.id="100039" xmi.uuid="MRM-DG45P9806Q001-000186c7" xmi.label="FacilityLike" collectionPath="&P;" definedProject="" lastModProject="" longDescription="" shortDescription="" versionTimestamp="1999-10-27T16.28.16Z" creationTimestamp="1999-10-27T16.28.16Z" contextTagHintDefault="">
   <MRBase_identifier value="FacilityLike"/>
   <MRHistory_descoped value="false"/>
   <MRLengthRef href="&PMRLength;MRM-DG45P9806Q001-000186c6" title="FACILITYLIKE_LEN"/>
   <MRSimpleRef href="&PMRSimple;MRM-SIMPLETYPE-0000c3b9" title="STRING"/>
  </MRElement>
  <MRElement status="internal" xmi.id="100009" xmi.uuid="MRM-DG45P9806Q001-000186a9" xmi.label="Flags" collectionPath="&P;" definedProject="" lastModProject="" longDescription="" shortDescription="" versionTimestamp="1999-10-27T16.28.16Z" creationTimestamp="1999-10-27T16.28.16Z" contextTagHintDefault="">
   <MRBase_identifier value="Flags"/>
   <MRHistory_descoped value="false"/>
   <MRSimpleRef href="&PMRSimple;MRM-SIMPLETYPE-0000c3ba" title="INTEGER"/>
  </MRElement>
  <MRElement status="internal" xmi.id="100008" xmi.uuid="MRM-DG45P9806Q001-000186a8" xmi.label="Format" collectionPath="&P;" definedProject="" lastModProject="" longDescription="" shortDescription="" versionTimestamp="1999-10-27T16.28.16Z" creationTimestamp="1999-10-27T16.28.16Z" contextTagHintDefault="">
   <AttributeGroup xmi.label="COBOL Language">
    <Attribute type="string" value="FORMAT-CBL" xmi.label="COBOL Language Name" valueMandatory="true">
     <XMI.extension xmi.extender="MRM">AttributeMetaData<MetaData>
       <MetaDataItem value="524288" xmi.label="AttrFlags"/>
       <MetaDataItem value="1" xmi.label="MinLength"/>
       <MetaDataItem value="30" xmi.label="MaxLength"/>
       <MetaDataItem value="COBOL Language Extension" xmi.label="hAttrPlugin"/>
       <MetaDataItem value="7" xmi.label="AttrKey"/>
       <MetaDataItem value="DG45P9806Q001" xmi.label="DefProject"/>
       <MetaDataItem value="DG45P9806Q001" xmi.label="ModProject"/>
       <MetaDataItem value="1999-10-28T12.30.36Z" xmi.label="CreationDate"/>
       <MetaDataItem value="1999-10-28T12.30.36Z" xmi.label="LastModDate"/>
       <MetaDataItem value="0" xmi.label="Status"/>
      </MetaData>
     </XMI.extension>
    </Attribute>
   </AttributeGroup>
   <MRBase_identifier value="Format"/>
   <MRHistory_descoped value="false"/>
   <MRLengthRef href="&PMRLength;MRM-DG45P9806Q001-000186a7" title="FORMAT_LEN"/>
   <MRSimpleRef href="&PMRSimple;MRM-SIMPLETYPE-0000c3b9" title="STRING"/>
  </MRElement>
  <MRElement status="internal" xmi.id="100023" xmi.uuid="MRM-DG45P9806Q001-000186b7" xmi.label="Function" collectionPath="&P;" definedProject="" lastModProject="" longDescription="" shortDescription="" versionTimestamp="1999-10-27T16.28.16Z" creationTimestamp="1999-10-27T16.28.16Z" contextTagHintDefault="">
   <AttributeGroup xmi.label="COBOL Language">
    <Attribute type="string" value="FUNCTION-CBL" xmi.label="COBOL Language Name" valueMandatory="true">
     <XMI.extension xmi.extender="MRM">AttributeMetaData<MetaData>
       <MetaDataItem value="524288" xmi.label="AttrFlags"/>
       <MetaDataItem value="1" xmi.label="MinLength"/>
       <MetaDataItem value="30" xmi.label="MaxLength"/>
       <MetaDataItem value="COBOL Language Extension" xmi.label="hAttrPlugin"/>
       <MetaDataItem value="7" xmi.label="AttrKey"/>
       <MetaDataItem value="DG45P9806Q001" xmi.label="DefProject"/>
       <MetaDataItem value="DG45P9806Q001" xmi.label="ModProject"/>
       <MetaDataItem value="1999-10-28T12.31.09Z" xmi.label="CreationDate"/>
       <MetaDataItem value="1999-10-28T12.31.09Z" xmi.label="LastModDate"/>
       <MetaDataItem value="0" xmi.label="Status"/>
      </MetaData>
     </XMI.extension>
    </Attribute>
   </AttributeGroup>
   <MRBase_identifier value="Function"/>
   <MRHistory_descoped value="false"/>
   <MRLengthRef href="&PMRLength;MRM-DG45P9806Q001-000186b6" title="FUNCTION_LEN"/>
   <MRSimpleRef href="&PMRSimple;MRM-SIMPLETYPE-0000c3b9" title="STRING"/>
  </MRElement>
  <MRElement status="internal" xmi.id="100014" xmi.uuid="MRM-DG45P9806Q001-000186ae" xmi.label="GetWaitInterval" collectionPath="&P;" definedProject="" lastModProject="" longDescription="" shortDescription="" versionTimestamp="1999-10-27T16.28.16Z" creationTimestamp="1999-10-27T16.28.16Z" contextTagHintDefault="">
   <MRBase_identifier value="GetWaitInterval"/>
   <MRHistory_descoped value="false"/>
   <MRSimpleRef href="&PMRSimple;MRM-SIMPLETYPE-0000c3ba" title="INTEGER"/>
  </MRElement>
  <MRElement status="internal" xmi.id="100054" xmi.uuid="MRM-DG45P9806Q001-000186d6" xmi.label="InputItem" collectionPath="&P;" definedProject="" lastModProject="" longDescription="" shortDescription="" versionTimestamp="1999-10-27T16.28.16Z" creationTimestamp="1999-10-27T16.28.16Z" contextTagHintDefault="">
   <MRBase_identifier value="InputItem"/>
   <MRHistory_descoped value="false"/>
   <MRSimpleRef href="&PMRSimple;MRM-SIMPLETYPE-0000c3ba" title="INTEGER"/>
  </MRElement>
  <MRElement status="internal" xmi.id="100015" xmi.uuid="MRM-DG45P9806Q001-000186af" xmi.label="LinkType" collectionPath="&P;" definedProject="" lastModProject="" longDescription="" shortDescription="" versionTimestamp="1999-10-27T16.28.16Z" creationTimestamp="1999-10-27T16.28.16Z" contextTagHintDefault="">
   <MRBase_identifier value="LinkType"/>
   <MRHistory_descoped value="false"/>
   <MRSimpleRef href="&PMRSimple;MRM-SIMPLETYPE-0000c3ba" title="INTEGER"/>
  </MRElement>
  <MRElement status="internal" xmi.id="100047" xmi.uuid="MRM-DG45P9806Q001-000186cf" xmi.label="NextTransactionId" collectionPath="&P;" definedProject="" lastModProject="" longDescription="" shortDescription="" versionTimestamp="1999-10-27T16.28.16Z" creationTimestamp="1999-10-27T16.28.16Z" contextTagHintDefault="">
   <MRBase_identifier value="NextTransactionId"/>
   <MRHistory_descoped value="false"/>
   <MRLengthRef href="&PMRLength;MRM-DG45P9806Q001-000186ce" title="NEXTTRANSACTIONID_LEN"/>
   <MRSimpleRef href="&PMRSimple;MRM-SIMPLETYPE-0000c3b9" title="STRING"/>
  </MRElement>
  <MRElement status="internal" xmi.id="100016" xmi.uuid="MRM-DG45P9806Q001-000186b0" xmi.label="OutputDataLength" collectionPath="&P;" definedProject="" lastModProject="" longDescription="" shortDescription="" versionTimestamp="1999-10-27T16.28.16Z" creationTimestamp="1999-10-27T16.28.16Z" contextTagHintDefault="">
   <MRBase_identifier value="OutputDataLength"/>
   <MRHistory_descoped value="false"/>
   <MRSimpleRef href="&PMRSimple;MRM-SIMPLETYPE-0000c3ba" title="INTEGER"/>
  </MRElement>
  <MRElement status="internal" xmi.id="100012" xmi.uuid="MRM-DG45P9806Q001-000186ac" xmi.label="Reason" collectionPath="&P;" definedProject="" lastModProject="" longDescription="" shortDescription="" versionTimestamp="1999-10-27T16.28.16Z" creationTimestamp="1999-10-27T16.28.16Z" contextTagHintDefault="">
   <MRBase_identifier value="Reason"/>
   <MRHistory_descoped value="false"/>
   <MRSimpleRef href="&PMRSimple;MRM-SIMPLETYPE-0000c3ba" title="INTEGER"/>
  </MRElement>
  <MRElement status="internal" xmi.id="100033" xmi.uuid="MRM-DG45P9806Q001-000186c1" xmi.label="RemoteSysId" collectionPath="&P;" definedProject="" lastModProject="" longDescription="" shortDescription="" versionTimestamp="1999-10-27T16.28.16Z" creationTimestamp="1999-10-27T16.28.16Z" contextTagHintDefault="">
   <MRBase_identifier value="RemoteSysId"/>
   <MRHistory_descoped value="false"/>
   <MRLengthRef href="&PMRLength;MRM-DG45P9806Q001-000186c0" title="REMOTESYSID_LEN"/>
   <MRSimpleRef href="&PMRSimple;MRM-SIMPLETYPE-0000c3b9" title="STRING"/>
  </MRElement>
  <MRElement status="internal" xmi.id="100035" xmi.uuid="MRM-DG45P9806Q001-000186c3" xmi.label="RemoteTransId" collectionPath="&P;" definedProject="" lastModProject="" longDescription="" shortDescription="" versionTimestamp="1999-10-27T16.28.16Z" creationTimestamp="1999-10-27T16.28.16Z" contextTagHintDefault="">
   <MRBase_identifier value="RemoteTransId"/>
   <MRHistory_descoped value="false"/>
   <MRLengthRef href="&PMRLength;MRM-DG45P9806Q001-000186c2" title="REMOTETRANSID_LEN"/>
   <MRSimpleRef href="&PMRSimple;MRM-SIMPLETYPE-0000c3b9" title="STRING"/>
  </MRElement>
  <MRElement status="internal" xmi.id="100031" xmi.uuid="MRM-DG45P9806Q001-000186bf" xmi.label="ReplyToFormat" collectionPath="&P;" definedProject="" lastModProject="" longDescription="" shortDescription="" versionTimestamp="1999-10-27T16.28.16Z" creationTimestamp="1999-10-27T16.28.16Z" contextTagHintDefault="">
   <MRBase_identifier value="ReplyToFormat"/>
   <MRHistory_descoped value="false"/>
   <MRLengthRef href="&PMRLength;MRM-DG45P9806Q001-000186be" title="REPLYTOFORMAT_LEN"/>
   <MRSimpleRef href="&PMRSimple;MRM-SIMPLETYPE-0000c3b9" title="STRING"/>
  </MRElement>
  <MRElement status="internal" xmi.id="100029" xmi.uuid="MRM-DG45P9806Q001-000186bd" xmi.label="Reserved1" collectionPath="&P;" definedProject="" lastModProject="" longDescription="" shortDescription="" versionTimestamp="1999-10-27T16.28.16Z" creationTimestamp="1999-10-27T16.28.16Z" contextTagHintDefault="">
   <MRBase_identifier value="Reserved1"/>
   <MRHistory_descoped value="false"/>
   <MRLengthRef href="&PMRLength;MRM-DG45P9806Q001-000186bc" title="RESERVED1_LEN"/>
   <MRSimpleRef href="&PMRSimple;MRM-SIMPLETYPE-0000c3b9" title="STRING"/>
  </MRElement>
  <MRElement status="internal" xmi.id="100049" xmi.uuid="MRM-DG45P9806Q001-000186d1" xmi.label="Reserved2" collectionPath="&P;" definedProject="" lastModProject="" longDescription="" shortDescription="" versionTimestamp="1999-10-27T16.28.16Z" creationTimestamp="1999-10-27T16.28.16Z" contextTagHintDefault="">
   <MRBase_identifier value="Reserved2"/>
   <MRHistory_descoped value="false"/>
   <MRLengthRef href="&PMRLength;MRM-DG45P9806Q001-000186d0" title="RESERVED2_LEN"/>
   <MRSimpleRef href="&PMRSimple;MRM-SIMPLETYPE-0000c3b9" title="STRING"/>
  </MRElement>
  <MRElement status="internal" xmi.id="100051" xmi.uuid="MRM-DG45P9806Q001-000186d3" xmi.label="Reserved3" collectionPath="&P;" definedProject="" lastModProject="" longDescription="" shortDescription="" versionTimestamp="1999-10-27T16.28.16Z" creationTimestamp="1999-10-27T16.28.16Z" contextTagHintDefault="">
   <MRBase_identifier value="Reserved3"/>
   <MRHistory_descoped value="false"/>
   <MRLengthRef href="&PMRLength;MRM-DG45P9806Q001-000186d2" title="RESERVED3_LEN"/>
   <MRSimpleRef href="&PMRSimple;MRM-SIMPLETYPE-0000c3b9" title="STRING"/>
  </MRElement>
  <MRElement status="internal" xmi.id="100055" xmi.uuid="MRM-DG45P9806Q001-000186d7" xmi.label="Reserved4" collectionPath="&P;" definedProject="" lastModProject="" longDescription="" shortDescription="" versionTimestamp="1999-10-27T16.28.16Z" creationTimestamp="1999-10-27T16.28.16Z" contextTagHintDefault="">
   <MRBase_identifier value="Reserved4"/>
   <MRHistory_descoped value="false"/>
   <MRSimpleRef href="&PMRSimple;MRM-SIMPLETYPE-0000c3ba" title="INTEGER"/>
  </MRElement>
  <MRElement status="internal" xmi.id="100010" xmi.uuid="MRM-DG45P9806Q001-000186aa" xmi.label="ReturnCode" collectionPath="&P;" definedProject="" lastModProject="" longDescription="" shortDescription="" versionTimestamp="1999-10-27T16.28.16Z" creationTimestamp="1999-10-27T16.28.16Z" contextTagHintDefault="">
   <AttributeGroup xmi.label="COBOL Language">
    <Attribute type="string" value="RETURNCODE-CBL" xmi.label="COBOL Language Name" valueMandatory="true">
     <XMI.extension xmi.extender="MRM">AttributeMetaData<MetaData>
       <MetaDataItem value="524288" xmi.label="AttrFlags"/>
       <MetaDataItem value="1" xmi.label="MinLength"/>
       <MetaDataItem value="30" xmi.label="MaxLength"/>
       <MetaDataItem value="COBOL Language Extension" xmi.label="hAttrPlugin"/>
       <MetaDataItem value="7" xmi.label="AttrKey"/>
       <MetaDataItem value="DG45P9806Q001" xmi.label="DefProject"/>
       <MetaDataItem value="DG45P9806Q001" xmi.label="ModProject"/>
       <MetaDataItem value="1999-10-28T12.30.08Z" xmi.label="CreationDate"/>
       <MetaDataItem value="1999-10-28T12.30.08Z" xmi.label="LastModDate"/>
       <MetaDataItem value="0" xmi.label="Status"/>
      </MetaData>
     </XMI.extension>
    </Attribute>
   </AttributeGroup>
   <MRBase_identifier value="ReturnCode"/>
   <MRHistory_descoped value="false"/>
   <MRSimpleRef href="&PMRSimple;MRM-SIMPLETYPE-0000c3ba" title="INTEGER"/>
  </MRElement>
  <MRElement status="internal" xmi.id="100043" xmi.uuid="MRM-DG45P9806Q001-000186cb" xmi.label="StartCode" collectionPath="&P;" definedProject="" lastModProject="" longDescription="" shortDescription="" versionTimestamp="1999-10-27T16.28.16Z" creationTimestamp="1999-10-27T16.28.16Z" contextTagHintDefault="">
   <MRBase_identifier value="StartCode"/>
   <MRHistory_descoped value="false"/>
   <MRLengthRef href="&PMRLength;MRM-DG45P9806Q001-000186ca" title="STARTCODE_LEN"/>
   <MRSimpleRef href="&PMRSimple;MRM-SIMPLETYPE-0000c3b9" title="STRING"/>
  </MRElement>
  <MRElement status="internal" xmi.id="100002" xmi.uuid="MRM-DG45P9806Q001-000186a2" xmi.label="StrucId" collectionPath="&P;" definedProject="" lastModProject="" longDescription="" shortDescription="" versionTimestamp="1999-10-27T16.28.16Z" creationTimestamp="1999-10-27T16.28.16Z" contextTagHintDefault="">
   <MRBase_identifier value="StrucId"/>
   <MRHistory_descoped value="false"/>
   <MRLengthRef href="&PMRLength;MRM-DG45P9806Q001-000186a1" title="STRUCID_LEN"/>
   <MRSimpleRef href="&PMRSimple;MRM-SIMPLETYPE-0000c3b9" title="STRING"/>
  </MRElement>
  <MRElement status="internal" xmi.id="100004" xmi.uuid="MRM-DG45P9806Q001-000186a4" xmi.label="StrucLength" collectionPath="&P;" definedProject="" lastModProject="" longDescription="" shortDescription="" versionTimestamp="1999-10-27T16.28.16Z" creationTimestamp="1999-10-27T16.28.16Z" contextTagHintDefault="">
   <MRBase_identifier value="StrucLength"/>
   <MRHistory_descoped value="false"/>
   <MRSimpleRef href="&PMRSimple;MRM-SIMPLETYPE-0000c3ba" title="INTEGER"/>
  </MRElement>
  <MRElement status="internal" xmi.id="100020" xmi.uuid="MRM-DG45P9806Q001-000186b4" xmi.label="TaskEndStatus" collectionPath="&P;" definedProject="" lastModProject="" longDescription="" shortDescription="" versionTimestamp="1999-10-27T16.28.16Z" creationTimestamp="1999-10-27T16.28.16Z" contextTagHintDefault="">
   <MRBase_identifier value="TaskEndStatus"/>
   <MRHistory_descoped value="false"/>
   <MRSimpleRef href="&PMRSimple;MRM-SIMPLETYPE-0000c3ba" title="INTEGER"/>
  </MRElement>
  <MRElement status="internal" xmi.id="100037" xmi.uuid="MRM-DG45P9806Q001-000186c5" xmi.label="TransactionId" collectionPath="&P;" definedProject="" lastModProject="" longDescription="" shortDescription="" versionTimestamp="1999-10-27T16.28.16Z" creationTimestamp="1999-10-27T16.28.16Z" contextTagHintDefault="">
   <MRBase_identifier value="TransactionId"/>
   <MRHistory_descoped value="false"/>
   <MRLengthRef href="&PMRLength;MRM-DG45P9806Q001-000186c4" title="TRANSACTIONID_LEN"/>
   <MRSimpleRef href="&PMRSimple;MRM-SIMPLETYPE-0000c3b9" title="STRING"/>
  </MRElement>
  <MRElement status="internal" xmi.id="100013" xmi.uuid="MRM-DG45P9806Q001-000186ad" xmi.label="UOWControl" collectionPath="&P;" definedProject="" lastModProject="" longDescription="" shortDescription="" versionTimestamp="1999-10-27T16.28.16Z" creationTimestamp="1999-10-27T16.28.16Z" contextTagHintDefault="">
   <MRBase_identifier value="UOWControl"/>
   <MRHistory_descoped value="false"/>
   <MRSimpleRef href="&PMRSimple;MRM-SIMPLETYPE-0000c3ba" title="INTEGER"/>
  </MRElement>
  <MRElement status="internal" xmi.id="100003" xmi.uuid="MRM-DG45P9806Q001-000186a3" xmi.label="Version" collectionPath="&P;" definedProject="" lastModProject="" longDescription="" shortDescription="" versionTimestamp="1999-10-27T16.28.16Z" creationTimestamp="1999-10-27T16.28.16Z" contextTagHintDefault="">
   <MRBase_identifier value="Version"/>
   <MRHistory_descoped value="false"/>
   <MRSimpleRef href="&PMRSimple;MRM-SIMPLETYPE-0000c3ba" title="INTEGER"/>
  </MRElement>
  <MRMessage status="internal" xmi.id="100058" xmi.uuid="3830811a-db00-0000-0080-80aecc225c3b" xmi.label="MQCIH" collectionPath="&P;" definedProject="" lastModProject="" longDescription="" shortDescription="" versionTimestamp="1999-10-27T17.42.41Z" creationTimestamp="1999-10-27T17.42.41Z">
   <MRMessage_mode value="null"/>
   <AttributeGroup xmi.label="COBOL Language">
    <Attribute type="string" value="MQCIH.CPY" xmi.label="Message Copy Book Name" valueMandatory="false">
     <XMI.extension xmi.extender="MRM">AttributeMetaData<MetaData>
       <MetaDataItem value="524288" xmi.label="AttrFlags"/>
       <MetaDataItem value="0" xmi.label="MinLength"/>
       <MetaDataItem value="12" xmi.label="MaxLength"/>
       <MetaDataItem value="COBOL Language Extension" xmi.label="hAttrPlugin"/>
       <MetaDataItem value="5" xmi.label="AttrKey"/>
       <MetaDataItem value="DG45P9806Q001" xmi.label="DefProject"/>
       <MetaDataItem value="DG45P9806Q001" xmi.label="ModProject"/>
       <MetaDataItem value="1999-10-27T17.42.41Z" xmi.label="CreationDate"/>
       <MetaDataItem value="1999-10-27T17.42.41Z" xmi.label="LastModDate"/>
       <MetaDataItem value="0" xmi.label="Status"/>
      </MetaData>
     </XMI.extension>
    </Attribute>
   </AttributeGroup>
   <MRBase_identifier value="MQCIH"/>
   <MRHistory_descoped value="false"/>
   <MRCompoundRef href="&PMRCompound;MRM-DG45P9806Q001-000186d8" title="MQCIH_TYPE"/>
   <MRMessagePathList/>
  </MRMessage>
 </XMI.content>
</XMI>

